2025-01-18T12:38:58.287-05:00  INFO 9532 --- [restartedMain] c.e.taskmanager.TaskManagerApplication   : Starting TaskManagerApplication using Java 21.0.5 with PID 9532 (D:\IdeaProjects\taskmanager\target\classes started by auwat in D:\IdeaProjects\taskmanager)
2025-01-18T12:38:58.314-05:00  INFO 9532 --- [restartedMain] c.e.taskmanager.TaskManagerApplication   : No active profile set, falling back to 1 default profile: "default"
2025-01-18T12:38:58.416-05:00  INFO 9532 --- [restartedMain] .e.DevToolsPropertyDefaultsPostProcessor : Devtools property defaults active! Set 'spring.devtools.add-properties' to 'false' to disable
2025-01-18T12:38:58.417-05:00  INFO 9532 --- [restartedMain] .e.DevToolsPropertyDefaultsPostProcessor : For additional web related logging consider setting the 'logging.level.web' property to 'DEBUG'
2025-01-18T12:38:59.696-05:00  INFO 9532 --- [restartedMain] o.s.b.w.embedded.tomcat.TomcatWebServer  : Tomcat initialized with port 9090 (http)
2025-01-18T12:38:59.715-05:00  INFO 9532 --- [restartedMain] o.apache.catalina.core.StandardService   : Starting service [Tomcat]
2025-01-18T12:38:59.715-05:00  INFO 9532 --- [restartedMain] o.apache.catalina.core.StandardEngine    : Starting Servlet engine: [Apache Tomcat/10.1.34]
2025-01-18T12:38:59.774-05:00  INFO 9532 --- [restartedMain] o.a.c.c.C.[Tomcat].[localhost].[/api]    : Initializing Spring embedded WebApplicationContext
2025-01-18T12:38:59.775-05:00  INFO 9532 --- [restartedMain] w.s.c.ServletWebServerApplicationContext : Root WebApplicationContext: initialization completed in 1357 ms
2025-01-18T12:39:00.210-05:00  INFO 9532 --- [restartedMain] o.s.b.d.a.OptionalLiveReloadServer       : LiveReload server is running on port 35729
2025-01-18T12:39:00.247-05:00  INFO 9532 --- [restartedMain] o.s.b.w.embedded.tomcat.TomcatWebServer  : Tomcat started on port 9090 (http) with context path '/api'
2025-01-18T12:39:00.257-05:00  INFO 9532 --- [restartedMain] c.e.taskmanager.TaskManagerApplication   : Started TaskManagerApplication in 2.724 seconds (process running for 3.569)
2025-01-18T12:40:54.308-05:00  INFO 9532 --- [http-nio-9090-exec-1] o.a.c.c.C.[Tomcat].[localhost].[/api]    : Initializing Spring DispatcherServlet 'dispatcherServlet'
2025-01-18T12:40:54.309-05:00  INFO 9532 --- [http-nio-9090-exec-1] o.s.web.servlet.DispatcherServlet        : Initializing Servlet 'dispatcherServlet'
2025-01-18T12:40:54.309-05:00  INFO 9532 --- [http-nio-9090-exec-1] o.s.web.servlet.DispatcherServlet        : Completed initialization in 0 ms
2025-01-18T12:40:54.448-05:00  WARN 9532 --- [http-nio-9090-exec-1] .m.m.a.ExceptionHandlerExceptionResolver : Resolved [org.springframework.http.converter.HttpMessageNotReadableException: JSON parse error: Unexpected character ('n' (code 110)): was expecting double-quote to start field name]
2025-01-18T12:41:36.947-05:00  INFO 9532 --- [http-nio-9090-exec-2] c.e.t.controller.TaskController          : Creating task: Build
2025-01-18T12:41:44.974-05:00  WARN 9532 --- [http-nio-9090-exec-3] .m.m.a.ExceptionHandlerExceptionResolver : Resolved [org.springframework.http.converter.HttpMessageNotReadableException: JSON parse error: Unexpected character ('n' (code 110)): was expecting double-quote to start field name]
2025-01-18T12:44:04.168-05:00  WARN 9532 --- [http-nio-9090-exec-4] c.e.t.controller.TaskController          : Task Build not available
2025-01-18T12:44:22.970-05:00  WARN 9532 --- [http-nio-9090-exec-6] .m.m.a.ExceptionHandlerExceptionResolver : Resolved [org.springframework.http.converter.HttpMessageNotReadableException: JSON parse error: Unexpected character ('n' (code 110)): was expecting double-quote to start field name]
2025-01-18T12:44:27.595-05:00  WARN 9532 --- [http-nio-9090-exec-7] c.e.t.controller.TaskController          : Task Build not available
2025-01-18T12:44:45.187-05:00  INFO 9532 --- [http-nio-9090-exec-9] c.e.t.controller.TaskController          : Creating task: Build
2025-01-18T12:44:48.850-05:00  WARN 9532 --- [http-nio-9090-exec-1] c.e.t.controller.TaskController          : Task Build not available
2025-01-18T12:46:59.883-05:00  INFO 9532 --- [SpringApplicationShutdownHook] o.s.b.w.e.tomcat.GracefulShutdown        : Commencing graceful shutdown. Waiting for active requests to complete
2025-01-18T12:46:59.888-05:00  INFO 9532 --- [tomcat-shutdown] o.s.b.w.e.tomcat.GracefulShutdown        : Graceful shutdown complete
2025-01-18T12:47:03.129-05:00  INFO 1580 --- [restartedMain] c.e.taskmanager.TaskManagerApplication   : Starting TaskManagerApplication using Java 21.0.5 with PID 1580 (D:\IdeaProjects\taskmanager\target\classes started by auwat in D:\IdeaProjects\taskmanager)
2025-01-18T12:47:03.133-05:00  INFO 1580 --- [restartedMain] c.e.taskmanager.TaskManagerApplication   : No active profile set, falling back to 1 default profile: "default"
2025-01-18T12:47:03.201-05:00  INFO 1580 --- [restartedMain] .e.DevToolsPropertyDefaultsPostProcessor : Devtools property defaults active! Set 'spring.devtools.add-properties' to 'false' to disable
2025-01-18T12:47:03.201-05:00  INFO 1580 --- [restartedMain] .e.DevToolsPropertyDefaultsPostProcessor : For additional web related logging consider setting the 'logging.level.web' property to 'DEBUG'
2025-01-18T12:47:04.273-05:00  INFO 1580 --- [restartedMain] o.s.b.w.embedded.tomcat.TomcatWebServer  : Tomcat initialized with port 9090 (http)
2025-01-18T12:47:04.291-05:00  INFO 1580 --- [restartedMain] o.apache.catalina.core.StandardService   : Starting service [Tomcat]
2025-01-18T12:47:04.291-05:00  INFO 1580 --- [restartedMain] o.apache.catalina.core.StandardEngine    : Starting Servlet engine: [Apache Tomcat/10.1.34]
2025-01-18T12:47:04.337-05:00  INFO 1580 --- [restartedMain] o.a.c.c.C.[Tomcat].[localhost].[/api]    : Initializing Spring embedded WebApplicationContext
2025-01-18T12:47:04.337-05:00  INFO 1580 --- [restartedMain] w.s.c.ServletWebServerApplicationContext : Root WebApplicationContext: initialization completed in 1135 ms
2025-01-18T12:47:04.751-05:00  INFO 1580 --- [restartedMain] o.s.b.d.a.OptionalLiveReloadServer       : LiveReload server is running on port 35729
2025-01-18T12:47:04.787-05:00  INFO 1580 --- [restartedMain] o.s.b.w.embedded.tomcat.TomcatWebServer  : Tomcat started on port 9090 (http) with context path '/api'
2025-01-18T12:47:04.795-05:00  INFO 1580 --- [restartedMain] c.e.taskmanager.TaskManagerApplication   : Started TaskManagerApplication in 2.266 seconds (process running for 2.779)
2025-01-18T12:47:15.601-05:00  INFO 1580 --- [http-nio-9090-exec-1] o.a.c.c.C.[Tomcat].[localhost].[/api]    : Initializing Spring DispatcherServlet 'dispatcherServlet'
2025-01-18T12:47:15.601-05:00  INFO 1580 --- [http-nio-9090-exec-1] o.s.web.servlet.DispatcherServlet        : Initializing Servlet 'dispatcherServlet'
2025-01-18T12:47:15.602-05:00  INFO 1580 --- [http-nio-9090-exec-1] o.s.web.servlet.DispatcherServlet        : Completed initialization in 1 ms
2025-01-18T12:47:15.689-05:00  INFO 1580 --- [http-nio-9090-exec-1] c.e.t.controller.TaskController          : Creating task: Build
2025-01-18T12:47:18.027-05:00  INFO 1580 --- [http-nio-9090-exec-2] c.e.t.controller.TaskController          : Task deleted: Build
2025-01-18T12:47:27.179-05:00  INFO 1580 --- [http-nio-9090-exec-4] c.e.t.controller.TaskController          : Creating task: Build
2025-01-18T12:47:28.450-05:00  INFO 1580 --- [http-nio-9090-exec-6] c.e.t.controller.TaskController          : Task deleted: Build
2025-01-18T12:49:30.114-05:00  INFO 1580 --- [SpringApplicationShutdownHook] o.s.b.w.e.tomcat.GracefulShutdown        : Commencing graceful shutdown. Waiting for active requests to complete
2025-01-18T12:49:30.119-05:00  INFO 1580 --- [tomcat-shutdown] o.s.b.w.e.tomcat.GracefulShutdown        : Graceful shutdown complete
2025-01-18T12:49:33.395-05:00  INFO 16924 --- [restartedMain] c.e.taskmanager.TaskManagerApplication   : Starting TaskManagerApplication using Java 21.0.5 with PID 16924 (D:\IdeaProjects\taskmanager\target\classes started by auwat in D:\IdeaProjects\taskmanager)
2025-01-18T12:49:33.397-05:00  INFO 16924 --- [restartedMain] c.e.taskmanager.TaskManagerApplication   : No active profile set, falling back to 1 default profile: "default"
2025-01-18T12:49:33.457-05:00  INFO 16924 --- [restartedMain] .e.DevToolsPropertyDefaultsPostProcessor : Devtools property defaults active! Set 'spring.devtools.add-properties' to 'false' to disable
2025-01-18T12:49:33.457-05:00  INFO 16924 --- [restartedMain] .e.DevToolsPropertyDefaultsPostProcessor : For additional web related logging consider setting the 'logging.level.web' property to 'DEBUG'
2025-01-18T12:49:34.586-05:00  INFO 16924 --- [restartedMain] o.s.b.w.embedded.tomcat.TomcatWebServer  : Tomcat initialized with port 9090 (http)
2025-01-18T12:49:34.601-05:00  INFO 16924 --- [restartedMain] o.apache.catalina.core.StandardService   : Starting service [Tomcat]
2025-01-18T12:49:34.601-05:00  INFO 16924 --- [restartedMain] o.apache.catalina.core.StandardEngine    : Starting Servlet engine: [Apache Tomcat/10.1.34]
2025-01-18T12:49:34.642-05:00  INFO 16924 --- [restartedMain] o.a.c.c.C.[Tomcat].[localhost].[/api]    : Initializing Spring embedded WebApplicationContext
2025-01-18T12:49:34.642-05:00  INFO 16924 --- [restartedMain] w.s.c.ServletWebServerApplicationContext : Root WebApplicationContext: initialization completed in 1184 ms
2025-01-18T12:49:35.092-05:00  INFO 16924 --- [restartedMain] o.s.b.d.a.OptionalLiveReloadServer       : LiveReload server is running on port 35729
2025-01-18T12:49:35.126-05:00  INFO 16924 --- [restartedMain] o.s.b.w.embedded.tomcat.TomcatWebServer  : Tomcat started on port 9090 (http) with context path '/api'
2025-01-18T12:49:35.135-05:00  INFO 16924 --- [restartedMain] c.e.taskmanager.TaskManagerApplication   : Started TaskManagerApplication in 2.344 seconds (process running for 2.89)
2025-01-18T12:49:48.974-05:00  INFO 16924 --- [http-nio-9090-exec-1] o.a.c.c.C.[Tomcat].[localhost].[/api]    : Initializing Spring DispatcherServlet 'dispatcherServlet'
2025-01-18T12:49:48.975-05:00  INFO 16924 --- [http-nio-9090-exec-1] o.s.web.servlet.DispatcherServlet        : Initializing Servlet 'dispatcherServlet'
2025-01-18T12:49:48.975-05:00  INFO 16924 --- [http-nio-9090-exec-1] o.s.web.servlet.DispatcherServlet        : Completed initialization in 0 ms
2025-01-18T12:49:49.073-05:00  INFO 16924 --- [http-nio-9090-exec-1] c.e.t.controller.TaskController          : Creating task: Build
2025-01-18T12:49:50.529-05:00  INFO 16924 --- [http-nio-9090-exec-2] c.e.t.controller.TaskController          : Task deleted: Build
2025-01-18T12:50:02.988-05:00  INFO 16924 --- [http-nio-9090-exec-4] c.e.t.controller.TaskController          : Creating task: Build
2025-01-18T12:57:55.475-05:00  INFO 16924 --- [SpringApplicationShutdownHook] o.s.b.w.e.tomcat.GracefulShutdown        : Commencing graceful shutdown. Waiting for active requests to complete
2025-01-18T12:57:55.481-05:00  INFO 16924 --- [tomcat-shutdown] o.s.b.w.e.tomcat.GracefulShutdown        : Graceful shutdown complete
2025-01-18T12:57:58.716-05:00  INFO 17460 --- [restartedMain] c.e.taskmanager.TaskManagerApplication   : Starting TaskManagerApplication using Java 21.0.5 with PID 17460 (D:\IdeaProjects\taskmanager\target\classes started by auwat in D:\IdeaProjects\taskmanager)
2025-01-18T12:57:58.719-05:00  INFO 17460 --- [restartedMain] c.e.taskmanager.TaskManagerApplication   : No active profile set, falling back to 1 default profile: "default"
2025-01-18T12:57:58.800-05:00  INFO 17460 --- [restartedMain] .e.DevToolsPropertyDefaultsPostProcessor : Devtools property defaults active! Set 'spring.devtools.add-properties' to 'false' to disable
2025-01-18T12:57:58.800-05:00  INFO 17460 --- [restartedMain] .e.DevToolsPropertyDefaultsPostProcessor : For additional web related logging consider setting the 'logging.level.web' property to 'DEBUG'
2025-01-18T12:57:59.955-05:00  INFO 17460 --- [restartedMain] o.s.b.w.embedded.tomcat.TomcatWebServer  : Tomcat initialized with port 9090 (http)
2025-01-18T12:57:59.973-05:00  INFO 17460 --- [restartedMain] o.apache.catalina.core.StandardService   : Starting service [Tomcat]
2025-01-18T12:57:59.974-05:00  INFO 17460 --- [restartedMain] o.apache.catalina.core.StandardEngine    : Starting Servlet engine: [Apache Tomcat/10.1.34]
2025-01-18T12:58:00.025-05:00  INFO 17460 --- [restartedMain] o.a.c.c.C.[Tomcat].[localhost].[/api]    : Initializing Spring embedded WebApplicationContext
2025-01-18T12:58:00.025-05:00  INFO 17460 --- [restartedMain] w.s.c.ServletWebServerApplicationContext : Root WebApplicationContext: initialization completed in 1224 ms
2025-01-18T12:58:00.449-05:00  INFO 17460 --- [restartedMain] o.s.b.d.a.OptionalLiveReloadServer       : LiveReload server is running on port 35729
2025-01-18T12:58:00.481-05:00  INFO 17460 --- [restartedMain] o.s.b.w.embedded.tomcat.TomcatWebServer  : Tomcat started on port 9090 (http) with context path '/api'
2025-01-18T12:58:00.489-05:00  INFO 17460 --- [restartedMain] c.e.taskmanager.TaskManagerApplication   : Started TaskManagerApplication in 2.391 seconds (process running for 2.947)
2025-01-18T12:58:06.057-05:00  INFO 17460 --- [http-nio-9090-exec-1] o.a.c.c.C.[Tomcat].[localhost].[/api]    : Initializing Spring DispatcherServlet 'dispatcherServlet'
2025-01-18T12:58:06.057-05:00  INFO 17460 --- [http-nio-9090-exec-1] o.s.web.servlet.DispatcherServlet        : Initializing Servlet 'dispatcherServlet'
2025-01-18T12:58:06.058-05:00  INFO 17460 --- [http-nio-9090-exec-1] o.s.web.servlet.DispatcherServlet        : Completed initialization in 1 ms
2025-01-18T12:58:06.149-05:00  INFO 17460 --- [http-nio-9090-exec-1] c.e.t.controller.TaskController          : Creating task: Build
2025-01-18T12:58:38.858-05:00  INFO 17460 --- [http-nio-9090-exec-3] c.e.t.controller.TaskController          : Creating task: Delete
2025-01-18T12:58:54.118-05:00  INFO 17460 --- [http-nio-9090-exec-7] c.e.t.controller.TaskController          : Task deleted: Build
2025-01-18T13:41:17.291-05:00  INFO 17460 --- [SpringApplicationShutdownHook] o.s.b.w.e.tomcat.GracefulShutdown        : Commencing graceful shutdown. Waiting for active requests to complete
2025-01-18T13:41:17.298-05:00  INFO 17460 --- [tomcat-shutdown] o.s.b.w.e.tomcat.GracefulShutdown        : Graceful shutdown complete
2025-01-18T15:10:33.905-05:00  INFO 4260 --- [restartedMain] c.e.taskmanager.TaskManagerApplication   : Starting TaskManagerApplication using Java 21.0.5 with PID 4260 (D:\IdeaProjects\taskmanager\target\classes started by auwat in D:\IdeaProjects\taskmanager)
2025-01-18T15:10:33.907-05:00  INFO 4260 --- [restartedMain] c.e.taskmanager.TaskManagerApplication   : No active profile set, falling back to 1 default profile: "default"
2025-01-18T15:10:33.984-05:00  INFO 4260 --- [restartedMain] .e.DevToolsPropertyDefaultsPostProcessor : Devtools property defaults active! Set 'spring.devtools.add-properties' to 'false' to disable
2025-01-18T15:10:33.984-05:00  INFO 4260 --- [restartedMain] .e.DevToolsPropertyDefaultsPostProcessor : For additional web related logging consider setting the 'logging.level.web' property to 'DEBUG'
2025-01-18T15:10:35.332-05:00  INFO 4260 --- [restartedMain] o.s.b.w.embedded.tomcat.TomcatWebServer  : Tomcat initialized with port 9090 (http)
2025-01-18T15:10:35.350-05:00  INFO 4260 --- [restartedMain] o.apache.catalina.core.StandardService   : Starting service [Tomcat]
2025-01-18T15:10:35.350-05:00  INFO 4260 --- [restartedMain] o.apache.catalina.core.StandardEngine    : Starting Servlet engine: [Apache Tomcat/10.1.34]
2025-01-18T15:10:35.402-05:00  INFO 4260 --- [restartedMain] o.a.c.c.C.[Tomcat].[localhost].[/api]    : Initializing Spring embedded WebApplicationContext
2025-01-18T15:10:35.402-05:00  INFO 4260 --- [restartedMain] w.s.c.ServletWebServerApplicationContext : Root WebApplicationContext: initialization completed in 1418 ms
2025-01-18T15:10:35.823-05:00  INFO 4260 --- [restartedMain] o.s.b.d.a.OptionalLiveReloadServer       : LiveReload server is running on port 35729
2025-01-18T15:10:35.864-05:00  INFO 4260 --- [restartedMain] o.s.b.w.embedded.tomcat.TomcatWebServer  : Tomcat started on port 9090 (http) with context path '/api'
2025-01-18T15:10:35.872-05:00  INFO 4260 --- [restartedMain] c.e.taskmanager.TaskManagerApplication   : Started TaskManagerApplication in 2.586 seconds (process running for 3.205)
2025-01-18T15:10:45.167-05:00  INFO 4260 --- [http-nio-9090-exec-1] o.a.c.c.C.[Tomcat].[localhost].[/api]    : Initializing Spring DispatcherServlet 'dispatcherServlet'
2025-01-18T15:10:45.167-05:00  INFO 4260 --- [http-nio-9090-exec-1] o.s.web.servlet.DispatcherServlet        : Initializing Servlet 'dispatcherServlet'
2025-01-18T15:10:45.168-05:00  INFO 4260 --- [http-nio-9090-exec-1] o.s.web.servlet.DispatcherServlet        : Completed initialization in 1 ms
2025-01-18T15:10:45.258-05:00  INFO 4260 --- [http-nio-9090-exec-1] c.e.t.controller.TaskController          : POST HTTP request received at /api/tasks/
2025-01-18T15:10:51.784-05:00  INFO 4260 --- [http-nio-9090-exec-2] c.e.t.controller.TaskController          : POST HTTP request received at /api/tasks/
2025-01-18T15:10:54.470-05:00  INFO 4260 --- [http-nio-9090-exec-4] c.e.t.controller.TaskController          : GET HTTP request received at /api/tasks/
2025-01-18T15:11:04.144-05:00  WARN 4260 --- [http-nio-9090-exec-6] .m.m.a.ExceptionHandlerExceptionResolver : Resolved [org.springframework.web.HttpRequestMethodNotSupportedException: Request method 'DELETE' is not supported]
2025-01-18T15:11:16.018-05:00  INFO 4260 --- [http-nio-9090-exec-7] c.e.t.controller.TaskController          : Delete HTTP request received at /api/tasks/1
2025-01-18T15:12:10.087-05:00  INFO 4260 --- [SpringApplicationShutdownHook] o.s.b.w.e.tomcat.GracefulShutdown        : Commencing graceful shutdown. Waiting for active requests to complete
2025-01-18T15:12:10.093-05:00  INFO 4260 --- [tomcat-shutdown] o.s.b.w.e.tomcat.GracefulShutdown        : Graceful shutdown complete
2025-01-18T15:19:46.016-05:00  INFO 11480 --- [restartedMain] c.e.taskmanager.TaskManagerApplication   : Starting TaskManagerApplication using Java 21.0.5 with PID 11480 (D:\IdeaProjects\taskmanager\target\classes started by auwat in D:\IdeaProjects\taskmanager)
2025-01-18T15:19:46.020-05:00  INFO 11480 --- [restartedMain] c.e.taskmanager.TaskManagerApplication   : No active profile set, falling back to 1 default profile: "default"
2025-01-18T15:19:46.099-05:00  INFO 11480 --- [restartedMain] .e.DevToolsPropertyDefaultsPostProcessor : Devtools property defaults active! Set 'spring.devtools.add-properties' to 'false' to disable
2025-01-18T15:19:46.100-05:00  INFO 11480 --- [restartedMain] .e.DevToolsPropertyDefaultsPostProcessor : For additional web related logging consider setting the 'logging.level.web' property to 'DEBUG'
2025-01-18T15:19:47.232-05:00  INFO 11480 --- [restartedMain] o.s.b.w.embedded.tomcat.TomcatWebServer  : Tomcat initialized with port 9090 (http)
2025-01-18T15:19:47.256-05:00  INFO 11480 --- [restartedMain] o.apache.catalina.core.StandardService   : Starting service [Tomcat]
2025-01-18T15:19:47.256-05:00  INFO 11480 --- [restartedMain] o.apache.catalina.core.StandardEngine    : Starting Servlet engine: [Apache Tomcat/10.1.34]
2025-01-18T15:19:47.306-05:00  INFO 11480 --- [restartedMain] o.a.c.c.C.[Tomcat].[localhost].[/api]    : Initializing Spring embedded WebApplicationContext
2025-01-18T15:19:47.306-05:00  INFO 11480 --- [restartedMain] w.s.c.ServletWebServerApplicationContext : Root WebApplicationContext: initialization completed in 1206 ms
2025-01-18T15:19:47.782-05:00  INFO 11480 --- [restartedMain] o.s.b.d.a.OptionalLiveReloadServer       : LiveReload server is running on port 35729
2025-01-18T15:19:47.823-05:00  INFO 11480 --- [restartedMain] o.s.b.w.embedded.tomcat.TomcatWebServer  : Tomcat started on port 9090 (http) with context path '/api'
2025-01-18T15:19:47.831-05:00  INFO 11480 --- [restartedMain] c.e.taskmanager.TaskManagerApplication   : Started TaskManagerApplication in 2.441 seconds (process running for 2.92)
2025-01-18T15:19:50.545-05:00  INFO 11480 --- [http-nio-9090-exec-1] o.a.c.c.C.[Tomcat].[localhost].[/api]    : Initializing Spring DispatcherServlet 'dispatcherServlet'
2025-01-18T15:19:50.545-05:00  INFO 11480 --- [http-nio-9090-exec-1] o.s.web.servlet.DispatcherServlet        : Initializing Servlet 'dispatcherServlet'
2025-01-18T15:19:50.546-05:00  INFO 11480 --- [http-nio-9090-exec-1] o.s.web.servlet.DispatcherServlet        : Completed initialization in 0 ms
2025-01-18T15:19:50.640-05:00  INFO 11480 --- [http-nio-9090-exec-1] c.e.t.controller.TaskController          : POST HTTP request received at /api/tasks/
2025-01-18T15:19:57.853-05:00  INFO 11480 --- [SpringApplicationShutdownHook] o.s.b.w.e.tomcat.GracefulShutdown        : Commencing graceful shutdown. Waiting for active requests to complete
2025-01-18T15:19:57.858-05:00  INFO 11480 --- [tomcat-shutdown] o.s.b.w.e.tomcat.GracefulShutdown        : Graceful shutdown complete
2025-01-18T16:23:40.999-05:00  INFO 7180 --- [restartedMain] c.e.taskmanager.TaskManagerApplication   : Starting TaskManagerApplication using Java 21.0.5 with PID 7180 (D:\IdeaProjects\taskmanager\target\classes started by auwat in D:\IdeaProjects\taskmanager)
2025-01-18T16:23:41.001-05:00  INFO 7180 --- [restartedMain] c.e.taskmanager.TaskManagerApplication   : No active profile set, falling back to 1 default profile: "default"
2025-01-18T16:23:41.073-05:00  INFO 7180 --- [restartedMain] .e.DevToolsPropertyDefaultsPostProcessor : Devtools property defaults active! Set 'spring.devtools.add-properties' to 'false' to disable
2025-01-18T16:23:41.073-05:00  INFO 7180 --- [restartedMain] .e.DevToolsPropertyDefaultsPostProcessor : For additional web related logging consider setting the 'logging.level.web' property to 'DEBUG'
2025-01-18T16:23:42.172-05:00  INFO 7180 --- [restartedMain] o.s.b.w.embedded.tomcat.TomcatWebServer  : Tomcat initialized with port 9090 (http)
2025-01-18T16:23:42.191-05:00  INFO 7180 --- [restartedMain] o.apache.catalina.core.StandardService   : Starting service [Tomcat]
2025-01-18T16:23:42.191-05:00  INFO 7180 --- [restartedMain] o.apache.catalina.core.StandardEngine    : Starting Servlet engine: [Apache Tomcat/10.1.34]
2025-01-18T16:23:42.248-05:00  INFO 7180 --- [restartedMain] o.a.c.c.C.[Tomcat].[localhost].[/api]    : Initializing Spring embedded WebApplicationContext
2025-01-18T16:23:42.248-05:00  INFO 7180 --- [restartedMain] w.s.c.ServletWebServerApplicationContext : Root WebApplicationContext: initialization completed in 1174 ms
2025-01-18T16:23:42.309-05:00  WARN 7180 --- [restartedMain] ConfigServletWebServerApplicationContext : Exception encountered during context initialization - cancelling refresh attempt: org.springframework.beans.factory.UnsatisfiedDependencyException: Error creating bean with name 'taskController' defined in file [D:\IdeaProjects\taskmanager\target\classes\com\example\taskmanager\controller\TaskController.class]: Unsatisfied dependency expressed through constructor parameter 0: Error creating bean with name 'taskService' defined in file [D:\IdeaProjects\taskmanager\target\classes\com\example\taskmanager\service\TaskService.class]: Unsatisfied dependency expressed through constructor parameter 0: Error creating bean with name 'taskRepository' defined in file [D:\IdeaProjects\taskmanager\target\classes\com\example\taskmanager\repository\TaskRepository.class]: Unsatisfied dependency expressed through constructor parameter 1: No qualifying bean of type 'java.lang.Long' available: expected at least 1 bean which qualifies as autowire candidate. Dependency annotations: {}
2025-01-18T16:23:42.313-05:00  INFO 7180 --- [restartedMain] o.apache.catalina.core.StandardService   : Stopping service [Tomcat]
2025-01-18T16:23:42.328-05:00  INFO 7180 --- [restartedMain] .s.b.a.l.ConditionEvaluationReportLogger : 

Error starting ApplicationContext. To display the condition evaluation report re-run your application with 'debug' enabled.
2025-01-18T16:23:42.358-05:00 ERROR 7180 --- [restartedMain] o.s.b.d.LoggingFailureAnalysisReporter   : 

***************************
APPLICATION FAILED TO START
***************************

Description:

Parameter 1 of constructor in com.example.taskmanager.repository.TaskRepository required a bean of type 'java.lang.Long' that could not be found.


Action:

Consider defining a bean of type 'java.lang.Long' in your configuration.

2025-01-18T16:29:31.423-05:00  INFO 8760 --- [restartedMain] c.e.taskmanager.TaskManagerApplication   : Starting TaskManagerApplication using Java 21.0.5 with PID 8760 (D:\IdeaProjects\taskmanager\target\classes started by auwat in D:\IdeaProjects\taskmanager)
2025-01-18T16:29:31.427-05:00  INFO 8760 --- [restartedMain] c.e.taskmanager.TaskManagerApplication   : No active profile set, falling back to 1 default profile: "default"
2025-01-18T16:29:31.497-05:00  INFO 8760 --- [restartedMain] .e.DevToolsPropertyDefaultsPostProcessor : Devtools property defaults active! Set 'spring.devtools.add-properties' to 'false' to disable
2025-01-18T16:29:31.497-05:00  INFO 8760 --- [restartedMain] .e.DevToolsPropertyDefaultsPostProcessor : For additional web related logging consider setting the 'logging.level.web' property to 'DEBUG'
2025-01-18T16:29:32.534-05:00  INFO 8760 --- [restartedMain] o.s.b.w.embedded.tomcat.TomcatWebServer  : Tomcat initialized with port 9090 (http)
2025-01-18T16:29:32.551-05:00  INFO 8760 --- [restartedMain] o.apache.catalina.core.StandardService   : Starting service [Tomcat]
2025-01-18T16:29:32.551-05:00  INFO 8760 --- [restartedMain] o.apache.catalina.core.StandardEngine    : Starting Servlet engine: [Apache Tomcat/10.1.34]
2025-01-18T16:29:32.599-05:00  INFO 8760 --- [restartedMain] o.a.c.c.C.[Tomcat].[localhost].[/api]    : Initializing Spring embedded WebApplicationContext
2025-01-18T16:29:32.600-05:00  INFO 8760 --- [restartedMain] w.s.c.ServletWebServerApplicationContext : Root WebApplicationContext: initialization completed in 1101 ms
2025-01-18T16:29:32.667-05:00  WARN 8760 --- [restartedMain] ConfigServletWebServerApplicationContext : Exception encountered during context initialization - cancelling refresh attempt: org.springframework.beans.factory.UnsatisfiedDependencyException: Error creating bean with name 'taskController' defined in file [D:\IdeaProjects\taskmanager\target\classes\com\example\taskmanager\controller\TaskController.class]: Unsatisfied dependency expressed through constructor parameter 0: Error creating bean with name 'taskService' defined in file [D:\IdeaProjects\taskmanager\target\classes\com\example\taskmanager\service\TaskService.class]: Unsatisfied dependency expressed through constructor parameter 0: Error creating bean with name 'taskRepository' defined in file [D:\IdeaProjects\taskmanager\target\classes\com\example\taskmanager\repository\TaskRepository.class]: Unsatisfied dependency expressed through constructor parameter 1: No qualifying bean of type 'java.lang.Long' available: expected at least 1 bean which qualifies as autowire candidate. Dependency annotations: {}
2025-01-18T16:29:32.674-05:00  INFO 8760 --- [restartedMain] o.apache.catalina.core.StandardService   : Stopping service [Tomcat]
2025-01-18T16:29:32.692-05:00  INFO 8760 --- [restartedMain] .s.b.a.l.ConditionEvaluationReportLogger : 

Error starting ApplicationContext. To display the condition evaluation report re-run your application with 'debug' enabled.
2025-01-18T16:29:32.725-05:00 ERROR 8760 --- [restartedMain] o.s.b.d.LoggingFailureAnalysisReporter   : 

***************************
APPLICATION FAILED TO START
***************************

Description:

Parameter 1 of constructor in com.example.taskmanager.repository.TaskRepository required a bean of type 'java.lang.Long' that could not be found.


Action:

Consider defining a bean of type 'java.lang.Long' in your configuration.

2025-01-18T16:30:36.615-05:00  INFO 15976 --- [restartedMain] c.e.taskmanager.TaskManagerApplication   : Starting TaskManagerApplication using Java 21.0.5 with PID 15976 (D:\IdeaProjects\taskmanager\target\classes started by auwat in D:\IdeaProjects\taskmanager)
2025-01-18T16:30:36.619-05:00  INFO 15976 --- [restartedMain] c.e.taskmanager.TaskManagerApplication   : No active profile set, falling back to 1 default profile: "default"
2025-01-18T16:30:36.689-05:00  INFO 15976 --- [restartedMain] .e.DevToolsPropertyDefaultsPostProcessor : Devtools property defaults active! Set 'spring.devtools.add-properties' to 'false' to disable
2025-01-18T16:30:36.689-05:00  INFO 15976 --- [restartedMain] .e.DevToolsPropertyDefaultsPostProcessor : For additional web related logging consider setting the 'logging.level.web' property to 'DEBUG'
2025-01-18T16:30:37.853-05:00  INFO 15976 --- [restartedMain] o.s.b.w.embedded.tomcat.TomcatWebServer  : Tomcat initialized with port 9090 (http)
2025-01-18T16:30:37.870-05:00  INFO 15976 --- [restartedMain] o.apache.catalina.core.StandardService   : Starting service [Tomcat]
2025-01-18T16:30:37.870-05:00  INFO 15976 --- [restartedMain] o.apache.catalina.core.StandardEngine    : Starting Servlet engine: [Apache Tomcat/10.1.34]
2025-01-18T16:30:37.919-05:00  INFO 15976 --- [restartedMain] o.a.c.c.C.[Tomcat].[localhost].[/api]    : Initializing Spring embedded WebApplicationContext
2025-01-18T16:30:37.919-05:00  INFO 15976 --- [restartedMain] w.s.c.ServletWebServerApplicationContext : Root WebApplicationContext: initialization completed in 1225 ms
2025-01-18T16:30:38.344-05:00  INFO 15976 --- [restartedMain] o.s.b.d.a.OptionalLiveReloadServer       : LiveReload server is running on port 35729
2025-01-18T16:30:38.377-05:00  INFO 15976 --- [restartedMain] o.s.b.w.embedded.tomcat.TomcatWebServer  : Tomcat started on port 9090 (http) with context path '/api'
2025-01-18T16:30:38.387-05:00  INFO 15976 --- [restartedMain] c.e.taskmanager.TaskManagerApplication   : Started TaskManagerApplication in 2.39 seconds (process running for 2.914)
2025-01-18T16:30:49.028-05:00  INFO 15976 --- [http-nio-9090-exec-1] o.a.c.c.C.[Tomcat].[localhost].[/api]    : Initializing Spring DispatcherServlet 'dispatcherServlet'
2025-01-18T16:30:49.028-05:00  INFO 15976 --- [http-nio-9090-exec-1] o.s.web.servlet.DispatcherServlet        : Initializing Servlet 'dispatcherServlet'
2025-01-18T16:30:49.029-05:00  INFO 15976 --- [http-nio-9090-exec-1] o.s.web.servlet.DispatcherServlet        : Completed initialization in 1 ms
2025-01-18T16:30:49.128-05:00  INFO 15976 --- [http-nio-9090-exec-1] c.e.t.controller.TaskController          : POST HTTP request received at /api/tasks/
2025-01-18T16:30:52.682-05:00  INFO 15976 --- [http-nio-9090-exec-2] c.e.t.controller.TaskController          : POST HTTP request received at /api/tasks/
2025-01-18T16:30:57.844-05:00  INFO 15976 --- [http-nio-9090-exec-4] c.e.t.controller.TaskController          : GET HTTP request received at /api/tasks/
2025-01-18T16:31:14.969-05:00  INFO 15976 --- [http-nio-9090-exec-6] c.e.t.controller.TaskController          : Get HTTP request received at /api/tasks/1
2025-01-18T16:31:18.192-05:00  INFO 15976 --- [http-nio-9090-exec-8] c.e.t.controller.TaskController          : Get HTTP request received at /api/tasks/3
2025-01-18T16:31:35.733-05:00  INFO 15976 --- [http-nio-9090-exec-10] c.e.t.controller.TaskController          : Get HTTP request received at /api/tasks/3
2025-01-18T16:32:31.934-05:00  INFO 15976 --- [http-nio-9090-exec-2] c.e.t.controller.TaskController          : Get HTTP request received at /api/tasks/1
2025-01-18T16:32:33.762-05:00  INFO 15976 --- [http-nio-9090-exec-4] c.e.t.controller.TaskController          : Get HTTP request received at /api/tasks/2
2025-01-18T16:32:35.946-05:00  INFO 15976 --- [http-nio-9090-exec-6] c.e.t.controller.TaskController          : Get HTTP request received at /api/tasks/3
2025-01-18T16:32:54.480-05:00  INFO 15976 --- [http-nio-9090-exec-8] c.e.t.controller.TaskController          : Delete HTTP request received at /api/tasks/1
2025-01-18T16:33:12.613-05:00  INFO 15976 --- [http-nio-9090-exec-10] c.e.t.controller.TaskController          : Get HTTP request received at /api/tasks/1
2025-01-18T16:33:15.229-05:00  INFO 15976 --- [http-nio-9090-exec-2] c.e.t.controller.TaskController          : Get HTTP request received at /api/tasks/2
2025-01-18T16:33:17.546-05:00  INFO 15976 --- [http-nio-9090-exec-4] c.e.t.controller.TaskController          : Get HTTP request received at /api/tasks/3
2025-01-18T16:35:16.786-05:00  INFO 15976 --- [SpringApplicationShutdownHook] o.s.b.w.e.tomcat.GracefulShutdown        : Commencing graceful shutdown. Waiting for active requests to complete
2025-01-18T16:35:16.791-05:00  INFO 15976 --- [tomcat-shutdown] o.s.b.w.e.tomcat.GracefulShutdown        : Graceful shutdown complete
2025-01-18T16:44:22.292-05:00  INFO 16888 --- [restartedMain] c.e.taskmanager.TaskManagerApplication   : Starting TaskManagerApplication using Java 21.0.5 with PID 16888 (D:\IdeaProjects\taskmanager\target\classes started by auwat in D:\IdeaProjects\taskmanager)
2025-01-18T16:44:22.295-05:00  INFO 16888 --- [restartedMain] c.e.taskmanager.TaskManagerApplication   : No active profile set, falling back to 1 default profile: "default"
2025-01-18T16:44:22.388-05:00  INFO 16888 --- [restartedMain] .e.DevToolsPropertyDefaultsPostProcessor : Devtools property defaults active! Set 'spring.devtools.add-properties' to 'false' to disable
2025-01-18T16:44:22.388-05:00  INFO 16888 --- [restartedMain] .e.DevToolsPropertyDefaultsPostProcessor : For additional web related logging consider setting the 'logging.level.web' property to 'DEBUG'
2025-01-18T16:44:23.594-05:00  INFO 16888 --- [restartedMain] o.s.b.w.embedded.tomcat.TomcatWebServer  : Tomcat initialized with port 9090 (http)
2025-01-18T16:44:23.616-05:00  INFO 16888 --- [restartedMain] o.apache.catalina.core.StandardService   : Starting service [Tomcat]
2025-01-18T16:44:23.617-05:00  INFO 16888 --- [restartedMain] o.apache.catalina.core.StandardEngine    : Starting Servlet engine: [Apache Tomcat/10.1.34]
2025-01-18T16:44:23.676-05:00  INFO 16888 --- [restartedMain] o.a.c.c.C.[Tomcat].[localhost].[/api]    : Initializing Spring embedded WebApplicationContext
2025-01-18T16:44:23.676-05:00  INFO 16888 --- [restartedMain] w.s.c.ServletWebServerApplicationContext : Root WebApplicationContext: initialization completed in 1288 ms
2025-01-18T16:44:24.071-05:00  INFO 16888 --- [restartedMain] o.s.b.d.a.OptionalLiveReloadServer       : LiveReload server is running on port 35729
2025-01-18T16:44:24.120-05:00  INFO 16888 --- [restartedMain] o.s.b.w.embedded.tomcat.TomcatWebServer  : Tomcat started on port 9090 (http) with context path '/api'
2025-01-18T16:44:24.134-05:00  INFO 16888 --- [restartedMain] c.e.taskmanager.TaskManagerApplication   : Started TaskManagerApplication in 2.478 seconds (process running for 3.031)
2025-01-18T16:44:34.420-05:00  INFO 16888 --- [http-nio-9090-exec-1] o.a.c.c.C.[Tomcat].[localhost].[/api]    : Initializing Spring DispatcherServlet 'dispatcherServlet'
2025-01-18T16:44:34.420-05:00  INFO 16888 --- [http-nio-9090-exec-1] o.s.web.servlet.DispatcherServlet        : Initializing Servlet 'dispatcherServlet'
2025-01-18T16:44:34.421-05:00  INFO 16888 --- [http-nio-9090-exec-1] o.s.web.servlet.DispatcherServlet        : Completed initialization in 1 ms
2025-01-18T16:44:34.522-05:00  INFO 16888 --- [http-nio-9090-exec-1] c.e.t.controller.TaskController          : POST HTTP request received at /api/tasks/
2025-01-18T16:44:42.788-05:00  INFO 16888 --- [http-nio-9090-exec-2] c.e.t.controller.TaskController          : Get HTTP request received at /api/tasks/1
2025-01-18T16:51:11.769-05:00  INFO 16888 --- [SpringApplicationShutdownHook] o.s.b.w.e.tomcat.GracefulShutdown        : Commencing graceful shutdown. Waiting for active requests to complete
2025-01-18T16:51:11.776-05:00  INFO 16888 --- [tomcat-shutdown] o.s.b.w.e.tomcat.GracefulShutdown        : Graceful shutdown complete
2025-01-18T16:51:15.051-05:00  INFO 2148 --- [restartedMain] c.e.taskmanager.TaskManagerApplication   : Starting TaskManagerApplication using Java 21.0.5 with PID 2148 (D:\IdeaProjects\taskmanager\target\classes started by auwat in D:\IdeaProjects\taskmanager)
2025-01-18T16:51:15.054-05:00  INFO 2148 --- [restartedMain] c.e.taskmanager.TaskManagerApplication   : No active profile set, falling back to 1 default profile: "default"
2025-01-18T16:51:15.122-05:00  INFO 2148 --- [restartedMain] .e.DevToolsPropertyDefaultsPostProcessor : Devtools property defaults active! Set 'spring.devtools.add-properties' to 'false' to disable
2025-01-18T16:51:15.123-05:00  INFO 2148 --- [restartedMain] .e.DevToolsPropertyDefaultsPostProcessor : For additional web related logging consider setting the 'logging.level.web' property to 'DEBUG'
2025-01-18T16:51:16.254-05:00  INFO 2148 --- [restartedMain] o.s.b.w.embedded.tomcat.TomcatWebServer  : Tomcat initialized with port 9090 (http)
2025-01-18T16:51:16.275-05:00  INFO 2148 --- [restartedMain] o.apache.catalina.core.StandardService   : Starting service [Tomcat]
2025-01-18T16:51:16.276-05:00  INFO 2148 --- [restartedMain] o.apache.catalina.core.StandardEngine    : Starting Servlet engine: [Apache Tomcat/10.1.34]
2025-01-18T16:51:16.335-05:00  INFO 2148 --- [restartedMain] o.a.c.c.C.[Tomcat].[localhost].[/api]    : Initializing Spring embedded WebApplicationContext
2025-01-18T16:51:16.335-05:00  INFO 2148 --- [restartedMain] w.s.c.ServletWebServerApplicationContext : Root WebApplicationContext: initialization completed in 1212 ms
2025-01-18T16:51:16.712-05:00  INFO 2148 --- [restartedMain] o.s.b.d.a.OptionalLiveReloadServer       : LiveReload server is running on port 35729
2025-01-18T16:51:16.741-05:00  INFO 2148 --- [restartedMain] o.s.b.w.embedded.tomcat.TomcatWebServer  : Tomcat started on port 9090 (http) with context path '/api'
2025-01-18T16:51:16.754-05:00  INFO 2148 --- [restartedMain] c.e.taskmanager.TaskManagerApplication   : Started TaskManagerApplication in 2.315 seconds (process running for 2.904)
2025-01-18T16:51:40.540-05:00  INFO 2148 --- [http-nio-9090-exec-1] o.a.c.c.C.[Tomcat].[localhost].[/api]    : Initializing Spring DispatcherServlet 'dispatcherServlet'
2025-01-18T16:51:40.541-05:00  INFO 2148 --- [http-nio-9090-exec-1] o.s.web.servlet.DispatcherServlet        : Initializing Servlet 'dispatcherServlet'
2025-01-18T16:51:40.541-05:00  INFO 2148 --- [http-nio-9090-exec-1] o.s.web.servlet.DispatcherServlet        : Completed initialization in 0 ms
2025-01-18T16:51:40.624-05:00  INFO 2148 --- [http-nio-9090-exec-1] c.e.t.controller.TaskController          : POST HTTP request received at /api/tasks/
2025-01-18T16:51:44.188-05:00  INFO 2148 --- [http-nio-9090-exec-4] c.e.t.controller.TaskController          : Get HTTP request received at /api/tasks/1
2025-01-18T16:54:07.643-05:00  INFO 2148 --- [SpringApplicationShutdownHook] o.s.b.w.e.tomcat.GracefulShutdown        : Commencing graceful shutdown. Waiting for active requests to complete
2025-01-18T16:54:07.649-05:00  INFO 2148 --- [tomcat-shutdown] o.s.b.w.e.tomcat.GracefulShutdown        : Graceful shutdown complete
